2025-09-02 20:12:31,257 - INFO - logging is implemented.
2025-09-03 15:29:05,832 - INFO - yaml file :config\config.yaml loaded successfully
2025-09-03 15:30:24,871 - INFO - yaml file :config\config.yaml loaded successfully
2025-09-03 15:30:44,251 - INFO - yaml file :config\config.yaml loaded successfully
2025-09-03 15:31:14,485 - INFO - yaml file :config\config.yaml loaded successfully
2025-09-03 15:31:18,364 - INFO - yaml file :config\config.yaml loaded successfully
2025-09-03 15:32:04,308 - INFO - yaml file :config\config.yaml loaded successfully
2025-09-03 15:32:08,894 - INFO - yaml file :config\config.yaml loaded successfully
2025-09-03 15:32:58,920 - INFO - yaml file :config\config.yaml loaded successfully
2025-09-03 15:33:23,348 - INFO - yaml file :config\config.yaml loaded successfully
2025-09-03 15:36:17,828 - INFO - yaml file :config\config.yaml loaded successfully
2025-09-03 15:37:40,885 - INFO - yaml file :config\config.yaml loaded successfully
2025-09-03 15:45:17,939 - INFO - yaml file :config\config.yaml loaded successfully
2025-09-03 15:46:30,754 - INFO - yaml file :config\config.yaml loaded successfully
2025-09-03 15:46:30,757 - INFO - yaml file :F:\TextSummerizer\params.yaml loaded successfully
2025-09-03 15:46:30,760 - INFO - created directory at :artifacts
2025-09-03 15:46:30,760 - INFO - created directory at :artifacts/data_ingestion
2025-09-03 15:49:40,619 - INFO - yaml file :config\config.yaml loaded successfully
2025-09-03 15:49:40,622 - INFO - yaml file :F:\TextSummerizer\params.yaml loaded successfully
2025-09-03 15:49:40,622 - INFO - created directory at :artifacts
2025-09-03 15:49:40,626 - INFO - created directory at :artifacts/data_ingestion
2025-09-03 15:50:09,766 - INFO - yaml file :config\config.yaml loaded successfully
2025-09-03 15:50:09,769 - INFO - yaml file :F:\TextSummerizer\params.yaml loaded successfully
2025-09-03 15:50:09,769 - INFO - created directory at :artifacts
2025-09-03 15:50:09,769 - INFO - created directory at :artifacts/data_ingestion
2025-09-03 15:50:27,816 - INFO - file downloaded and saved at artifacts\data_ingestion\summarizer-data.zip with info : Connection: close
Content-Length: 7903594
Cache-Control: max-age=300
Content-Security-Policy: default-src 'none'; style-src 'unsafe-inline'; sandbox
Content-Type: application/zip
ETag: "dbc016a060da18070593b83afff580c9b300f0b6ea4147a7988433e04df246ca"
Strict-Transport-Security: max-age=31536000
X-Content-Type-Options: nosniff
X-Frame-Options: deny
X-XSS-Protection: 1; mode=block
X-GitHub-Request-Id: A5EC:47C4A:BDAC9:1CEA13:68B8165F
Accept-Ranges: bytes
Date: Wed, 03 Sep 2025 10:20:16 GMT
Via: 1.1 varnish
X-Served-By: cache-ccu830044-CCU
X-Cache: MISS
X-Cache-Hits: 0
X-Timer: S1756894816.902044,VS0,VE663
Vary: Authorization,Accept-Encoding
Access-Control-Allow-Origin: *
Cross-Origin-Resource-Policy: cross-origin
X-Fastly-Request-ID: 3c6ff7c46c786e901783875c2a3e044427ae4791
Expires: Wed, 03 Sep 2025 10:25:16 GMT
Source-Age: 0


2025-09-03 16:25:30,203 - INFO - stageData Ingestion Stage INITIATED
2025-09-03 16:25:30,203 - INFO - yaml file :config\config.yaml loaded successfully
2025-09-03 16:25:30,210 - INFO - yaml file :F:\TextSummerizer\params.yaml loaded successfully
2025-09-03 16:25:30,212 - INFO - created directory at :artifacts
2025-09-03 16:25:30,213 - INFO - created directory at :artifacts/data_ingestion
2025-09-03 16:26:33,474 - INFO - file downloaded and saved at artifacts\data_ingestion\summarizer-data.zip with info : Connection: close
Content-Length: 7903594
Cache-Control: max-age=300
Content-Security-Policy: default-src 'none'; style-src 'unsafe-inline'; sandbox
Content-Type: application/zip
ETag: "dbc016a060da18070593b83afff580c9b300f0b6ea4147a7988433e04df246ca"
Strict-Transport-Security: max-age=31536000
X-Content-Type-Options: nosniff
X-Frame-Options: deny
X-XSS-Protection: 1; mode=block
X-GitHub-Request-Id: B5A1:3B857:CF16F:1ECEA7:68B81EA7
Accept-Ranges: bytes
Date: Wed, 03 Sep 2025 10:55:37 GMT
Via: 1.1 varnish
X-Served-By: cache-maa10229-MAA
X-Cache: MISS
X-Cache-Hits: 0
X-Timer: S1756896937.809260,VS0,VE672
Vary: Authorization,Accept-Encoding
Access-Control-Allow-Origin: *
Cross-Origin-Resource-Policy: cross-origin
X-Fastly-Request-ID: 3b72aa159d40f25efc7a7e8ecd840146bcfd8503
Expires: Wed, 03 Sep 2025 11:00:37 GMT
Source-Age: 0


2025-09-03 16:26:33,725 - INFO - stageData Ingestion Stage COMPLETED
2025-09-03 16:48:29,558 - INFO - yaml file :config\config.yaml loaded successfully
2025-09-03 16:48:29,574 - INFO - yaml file :F:\TextSummerizer\params.yaml loaded successfully
2025-09-03 16:48:29,578 - INFO - created directory at :artifacts
2025-09-03 16:48:29,585 - INFO - created directory at :artifacts/data_transformation
2025-09-03 16:50:04,529 - INFO - yaml file :config\config.yaml loaded successfully
2025-09-03 16:50:04,529 - INFO - yaml file :F:\TextSummerizer\params.yaml loaded successfully
2025-09-03 16:50:04,529 - INFO - created directory at :artifacts
2025-09-03 16:50:04,537 - INFO - created directory at :artifacts/data_transformation
2025-09-03 17:02:03,054 - INFO - stageData Ingestion Stage INITIATED
2025-09-03 17:02:03,057 - INFO - yaml file :config\config.yaml loaded successfully
2025-09-03 17:02:03,059 - INFO - yaml file :F:\TextSummerizer\params.yaml loaded successfully
2025-09-03 17:02:03,059 - INFO - created directory at :artifacts
2025-09-03 17:02:03,060 - INFO - created directory at :artifacts/data_ingestion
2025-09-03 17:02:03,060 - INFO - file already exists
2025-09-03 17:02:03,168 - INFO - stageData Ingestion Stage COMPLETED
2025-09-03 17:02:03,169 - INFO - stageData Transformation Stage INITIATED
2025-09-03 17:02:03,171 - INFO - yaml file :config\config.yaml loaded successfully
2025-09-03 17:02:03,172 - INFO - yaml file :F:\TextSummerizer\params.yaml loaded successfully
2025-09-03 17:02:03,172 - INFO - created directory at :artifacts
2025-09-03 17:02:03,173 - INFO - created directory at :artifacts/data_transformation
2025-09-03 17:02:08,116 - INFO - stageData Transformation Stage COMPLETED
2025-09-03 17:34:52,864 - INFO - yaml file :config\config.yaml loaded successfully
2025-09-03 17:34:52,875 - INFO - yaml file :F:\TextSummerizer\params.yaml loaded successfully
2025-09-03 17:34:52,879 - INFO - created directory at :artifacts
2025-09-03 17:34:52,881 - INFO - created directory at :artifacts/model_trainer
2025-09-03 17:35:08,520 - INFO - yaml file :config\config.yaml loaded successfully
2025-09-03 17:35:08,523 - INFO - yaml file :F:\TextSummerizer\params.yaml loaded successfully
2025-09-03 17:35:08,524 - INFO - created directory at :artifacts
2025-09-03 17:35:08,525 - INFO - created directory at :artifacts/model_trainer
2025-09-03 17:35:12,995 - WARNING - Xet Storage is enabled for this repo, but the 'hf_xet' package is not installed. Falling back to regular HTTP download. For better performance, install the package with: `pip install huggingface_hub[hf_xet]` or `pip install hf_xet`
2025-09-03 17:37:18,894 - INFO - yaml file :config\config.yaml loaded successfully
2025-09-03 17:37:18,903 - INFO - yaml file :F:\TextSummerizer\params.yaml loaded successfully
2025-09-03 17:37:18,906 - INFO - created directory at :artifacts
2025-09-03 17:37:18,908 - INFO - created directory at :artifacts/model_trainer
2025-09-03 17:37:22,365 - WARNING - Xet Storage is enabled for this repo, but the 'hf_xet' package is not installed. Falling back to regular HTTP download. For better performance, install the package with: `pip install huggingface_hub[hf_xet]` or `pip install hf_xet`
